Flow report for procesador
Wed May 01 12:47:36 2024
Quartus Prime Version 20.1.1 Build 720 11/11/2020 SJ Lite Edition


---------------------
; Table of Contents ;
---------------------
  1. Legal Notice
  2. Flow Summary
  3. Flow Settings
  4. Flow Non-Default Global Settings
  5. Flow Elapsed Time
  6. Flow OS Summary
  7. Flow Log
  8. Flow Messages
  9. Flow Suppressed Messages



----------------
; Legal Notice ;
----------------
Copyright (C) 2020  Intel Corporation. All rights reserved.
Your use of Intel Corporation's design tools, logic functions 
and other software and tools, and any partner logic 
functions, and any output files from any of the foregoing 
(including device programming or simulation files), and any 
associated documentation or information are expressly subject 
to the terms and conditions of the Intel Program License 
Subscription Agreement, the Intel Quartus Prime License Agreement,
the Intel FPGA IP License Agreement, or other applicable license
agreement, including, without limitation, that your use is for
the sole purpose of programming logic devices manufactured by
Intel and sold by Intel or its authorized distributors.  Please
refer to the applicable agreement for further details, at
https://fpgasoftware.intel.com/eula.



+-------------------------------------------------------------------------------+
; Flow Summary                                                                  ;
+---------------------------------+---------------------------------------------+
; Flow Status                     ; Successful - Wed May 01 12:47:36 2024       ;
; Quartus Prime Version           ; 20.1.1 Build 720 11/11/2020 SJ Lite Edition ;
; Revision Name                   ; procesador                                  ;
; Top-level Entity Name           ; procesador                                  ;
; Family                          ; Cyclone V                                   ;
; Device                          ; 5CSEMA5F31C6                                ;
; Timing Models                   ; Final                                       ;
; Logic utilization (in ALMs)     ; 1 / 32,070 ( < 1 % )                        ;
; Total registers                 ; 0                                           ;
; Total pins                      ; 31 / 457 ( 7 % )                            ;
; Total virtual pins              ; 0                                           ;
; Total block memory bits         ; 0 / 4,065,280 ( 0 % )                       ;
; Total DSP Blocks                ; 0 / 87 ( 0 % )                              ;
; Total HSSI RX PCSs              ; 0                                           ;
; Total HSSI PMA RX Deserializers ; 0                                           ;
; Total HSSI TX PCSs              ; 0                                           ;
; Total HSSI PMA TX Serializers   ; 0                                           ;
; Total PLLs                      ; 0 / 6 ( 0 % )                               ;
; Total DLLs                      ; 0 / 4 ( 0 % )                               ;
+---------------------------------+---------------------------------------------+


+-----------------------------------------+
; Flow Settings                           ;
+-------------------+---------------------+
; Option            ; Setting             ;
+-------------------+---------------------+
; Start date & time ; 05/01/2024 12:46:36 ;
; Main task         ; Compilation         ;
; Revision Name     ; procesador          ;
+-------------------+---------------------+


+----------------------------------------------------------------------------------------------------------------------------------+
; Flow Non-Default Global Settings                                                                                                 ;
+--------------------------------------+----------------------------------------+---------------+-------------+--------------------+
; Assignment Name                      ; Value                                  ; Default Value ; Entity Name ; Section Id         ;
+--------------------------------------+----------------------------------------+---------------+-------------+--------------------+
; COMPILER_SIGNATURE_ID                ; 1095957914728.171458919515256          ; --            ; --          ; --                 ;
; EDA_DESIGN_INSTANCE_NAME             ; NA                                     ; --            ; --          ; IF_ID_Reg_tb       ;
; EDA_DESIGN_INSTANCE_NAME             ; NA                                     ; --            ; --          ; compuerta_tb       ;
; EDA_DESIGN_INSTANCE_NAME             ; NA                                     ; --            ; --          ; program_counter_tb ;
; EDA_DESIGN_INSTANCE_NAME             ; NA                                     ; --            ; --          ; register_file_tb   ;
; EDA_DESIGN_INSTANCE_NAME             ; NA                                     ; --            ; --          ; Control_Unit_tb    ;
; EDA_DESIGN_INSTANCE_NAME             ; NA                                     ; --            ; --          ; extend_tb          ;
; EDA_DESIGN_INSTANCE_NAME             ; NA                                     ; --            ; --          ; ID_EXE_Reg_tb      ;
; EDA_DESIGN_INSTANCE_NAME             ; NA                                     ; --            ; --          ; mux2_1_tb          ;
; EDA_DESIGN_INSTANCE_NAME             ; NA                                     ; --            ; --          ; sumador_tb         ;
; EDA_NATIVELINK_SIMULATION_TEST_BENCH ; ID_EXE_Reg_tb                          ; --            ; --          ; eda_simulation     ;
; EDA_OUTPUT_DATA_FORMAT               ; Systemverilog Hdl                      ; --            ; --          ; eda_simulation     ;
; EDA_SIMULATION_TOOL                  ; ModelSim-Altera (SystemVerilog)        ; <None>        ; --          ; --                 ;
; EDA_TEST_BENCH_ENABLE_STATUS         ; TEST_BENCH_MODE                        ; --            ; --          ; eda_simulation     ;
; EDA_TEST_BENCH_FILE                  ; testbench/IF_ID_Reg_tb.sv              ; --            ; --          ; IF_ID_Reg_tb       ;
; EDA_TEST_BENCH_FILE                  ; testbench/compuerta_tb.sv              ; --            ; --          ; compuerta_tb       ;
; EDA_TEST_BENCH_FILE                  ; testbench/program_counter_tb.sv        ; --            ; --          ; program_counter_tb ;
; EDA_TEST_BENCH_FILE                  ; testbench/register_file_tb.sv          ; --            ; --          ; register_file_tb   ;
; EDA_TEST_BENCH_FILE                  ; testbench/Control_Unit_tb.sv           ; --            ; --          ; Control_Unit_tb    ;
; EDA_TEST_BENCH_FILE                  ; testbench/extend_tb.sv                 ; --            ; --          ; extend_tb          ;
; EDA_TEST_BENCH_FILE                  ; testbench/ID_EXE_Reg_tb.sv             ; --            ; --          ; ID_EXE_Reg_tb      ;
; EDA_TEST_BENCH_FILE                  ; testbench/mux2_1_tb.sv                 ; --            ; --          ; mux2_1_tb          ;
; EDA_TEST_BENCH_FILE                  ; testbench/sumador_tb.sv                ; --            ; --          ; sumador_tb         ;
; EDA_TEST_BENCH_MODULE_NAME           ; IF_ID_Reg_tb                           ; --            ; --          ; IF_ID_Reg_tb       ;
; EDA_TEST_BENCH_MODULE_NAME           ; compuerta_tb                           ; --            ; --          ; compuerta_tb       ;
; EDA_TEST_BENCH_MODULE_NAME           ; program_counter_tb                     ; --            ; --          ; program_counter_tb ;
; EDA_TEST_BENCH_MODULE_NAME           ; register_file_tb                       ; --            ; --          ; register_file_tb   ;
; EDA_TEST_BENCH_MODULE_NAME           ; Control_Unit_tb                        ; --            ; --          ; Control_Unit_tb    ;
; EDA_TEST_BENCH_MODULE_NAME           ; extend_tb                              ; --            ; --          ; extend_tb          ;
; EDA_TEST_BENCH_MODULE_NAME           ; ID_EXE_Reg_tb                          ; --            ; --          ; ID_EXE_Reg_tb      ;
; EDA_TEST_BENCH_MODULE_NAME           ; mux2_1_tb                              ; --            ; --          ; mux2_1_tb          ;
; EDA_TEST_BENCH_MODULE_NAME           ; sumador_tb                             ; --            ; --          ; sumador_tb         ;
; EDA_TEST_BENCH_NAME                  ; compuerta_tb                           ; --            ; --          ; eda_simulation     ;
; EDA_TEST_BENCH_NAME                  ; register_file_tb                       ; --            ; --          ; eda_simulation     ;
; EDA_TEST_BENCH_NAME                  ; extend_tb                              ; --            ; --          ; eda_simulation     ;
; EDA_TEST_BENCH_NAME                  ; IF_ID_Reg_tb                           ; --            ; --          ; eda_simulation     ;
; EDA_TEST_BENCH_NAME                  ; mux2_1_tb                              ; --            ; --          ; eda_simulation     ;
; EDA_TEST_BENCH_NAME                  ; program_counter_tb                     ; --            ; --          ; eda_simulation     ;
; EDA_TEST_BENCH_NAME                  ; sumador_tb                             ; --            ; --          ; eda_simulation     ;
; EDA_TEST_BENCH_NAME                  ; Control_Unit_tb                        ; --            ; --          ; eda_simulation     ;
; EDA_TEST_BENCH_NAME                  ; ID_EXE_Reg_tb                          ; --            ; --          ; eda_simulation     ;
; EDA_TIME_SCALE                       ; 1 ps                                   ; --            ; --          ; eda_simulation     ;
; MAX_CORE_JUNCTION_TEMP               ; 85                                     ; --            ; --          ; --                 ;
; MIN_CORE_JUNCTION_TEMP               ; 0                                      ; --            ; --          ; --                 ;
; MISC_FILE                            ; Memory/DataMem_bb.v                    ; --            ; --          ; --                 ;
; PARTITION_COLOR                      ; -- (Not supported for targeted family) ; --            ; --          ; Top                ;
; PARTITION_FITTER_PRESERVATION_LEVEL  ; -- (Not supported for targeted family) ; --            ; --          ; Top                ;
; PARTITION_NETLIST_TYPE               ; -- (Not supported for targeted family) ; --            ; --          ; Top                ;
; POWER_BOARD_THERMAL_MODEL            ; None (CONSERVATIVE)                    ; --            ; --          ; --                 ;
; POWER_PRESET_COOLING_SOLUTION        ; 23 MM HEAT SINK WITH 200 LFPM AIRFLOW  ; --            ; --          ; --                 ;
; PROJECT_OUTPUT_DIRECTORY             ; output_files                           ; --            ; --          ; --                 ;
+--------------------------------------+----------------------------------------+---------------+-------------+--------------------+


+--------------------------------------------------------------------------------------------------------------------------+
; Flow Elapsed Time                                                                                                        ;
+----------------------+--------------+-------------------------+---------------------+------------------------------------+
; Module Name          ; Elapsed Time ; Average Processors Used ; Peak Virtual Memory ; Total CPU Time (on all processors) ;
+----------------------+--------------+-------------------------+---------------------+------------------------------------+
; Analysis & Synthesis ; 00:00:08     ; 1.0                     ; 4803 MB             ; 00:00:09                           ;
; Fitter               ; 00:00:35     ; 1.0                     ; 7264 MB             ; 00:00:47                           ;
; Assembler            ; 00:00:07     ; 1.0                     ; 4841 MB             ; 00:00:04                           ;
; Timing Analyzer      ; 00:00:05     ; 1.0                     ; 5223 MB             ; 00:00:03                           ;
; EDA Netlist Writer   ; 00:00:01     ; 1.0                     ; 4727 MB             ; 00:00:01                           ;
; Total                ; 00:00:56     ; --                      ; --                  ; 00:01:04                           ;
+----------------------+--------------+-------------------------+---------------------+------------------------------------+


+------------------------------------------------------------------------------------+
; Flow OS Summary                                                                    ;
+----------------------+------------------+------------+------------+----------------+
; Module Name          ; Machine Hostname ; OS Name    ; OS Version ; Processor type ;
+----------------------+------------------+------------+------------+----------------+
; Analysis & Synthesis ; MJCLOQ           ; Windows 10 ; 10.0       ; x86_64         ;
; Fitter               ; MJCLOQ           ; Windows 10 ; 10.0       ; x86_64         ;
; Assembler            ; MJCLOQ           ; Windows 10 ; 10.0       ; x86_64         ;
; Timing Analyzer      ; MJCLOQ           ; Windows 10 ; 10.0       ; x86_64         ;
; EDA Netlist Writer   ; MJCLOQ           ; Windows 10 ; 10.0       ; x86_64         ;
+----------------------+------------------+------------+------------+----------------+


------------
; Flow Log ;
------------
quartus_map --read_settings_files=on --write_settings_files=off procesador -c procesador
quartus_fit --read_settings_files=off --write_settings_files=off procesador -c procesador
quartus_asm --read_settings_files=off --write_settings_files=off procesador -c procesador
quartus_sta procesador -c procesador
quartus_eda --read_settings_files=off --write_settings_files=off procesador -c procesador



